2025-05-12 12:06:50 [main] WARN  org.testng.xml.TestNGContentHandler - It is strongly recommended to add "<!DOCTYPE suite SYSTEM "https://testng.org/testng-1.1.dtd" >" at the top of the suite file [C:\Users\Norma\IdeaProjects\Practice3\src\test\resources\regression-suite.xml] otherwise TestNG may fail or not work as expected.
2025-05-12 12:06:51 [main] INFO  i.g.bonigarcia.wdm.WebDriverManager - Using chromedriver 136.0.7103.92 (resolved driver for Chrome 136)
2025-05-12 12:06:51 [main] INFO  i.g.bonigarcia.wdm.WebDriverManager - Exporting webdriver.chrome.driver as C:\Users\Norma\.cache\selenium\chromedriver\win64\136.0.7103.92\chromedriver.exe
2025-05-12 12:06:51 [main] INFO  i.g.bonigarcia.wdm.WebDriverManager - Using chromedriver 136.0.7103.92 (resolved driver for Chrome 136)
2025-05-12 12:06:51 [main] INFO  i.g.bonigarcia.wdm.WebDriverManager - Exporting webdriver.chrome.driver as C:\Users\Norma\.cache\selenium\chromedriver\win64\136.0.7103.92\chromedriver.exe
2025-05-12 12:06:52 [main] INFO  org.epam.BaseTest - Opening Gmail Login page: https://gmail.com/
2025-05-12 12:06:53 [main] INFO  org.epam.BaseTest - Log in with d13465322@gmail.com login and testPassword password
2025-05-12 12:06:57 [main] INFO  o.e.businessobjects.ManageDraftsBO - Creating draft email and saving
2025-05-12 12:07:02 [main] INFO  o.e.businessobjects.ManageDraftsBO - Opening drafts
2025-05-12 12:07:04 [main] INFO  o.e.businessobjects.ManageDraftsBO - Deleting draft email
2025-05-12 12:07:04 [main] INFO  o.e.CreateSaveAndDeleteDraftEmailTest - Verifying that draft is deleted
2025-05-12 12:07:04 [main] INFO  org.epam.util.WebDriverSingleton - Closing a page
2025-05-12 12:07:04 [main] INFO  org.epam.util.WebDriverSingleton - Removing driver
2025-05-12 12:07:04 [main] INFO  i.g.bonigarcia.wdm.WebDriverManager - Using chromedriver 136.0.7103.92 (resolved driver for Chrome 136)
2025-05-12 12:07:04 [main] INFO  i.g.bonigarcia.wdm.WebDriverManager - Exporting webdriver.chrome.driver as C:\Users\Norma\.cache\selenium\chromedriver\win64\136.0.7103.92\chromedriver.exe
2025-05-12 12:07:05 [main] INFO  org.epam.BaseTest - Opening Gmail Login page: https://gmail.com/
2025-05-12 12:07:06 [main] INFO  org.epam.BaseTest - Log in with d13465322@gmail.com login and testPassword password
2025-05-12 12:07:11 [main] INFO  o.e.businessobjects.ManageDraftsBO - Creating draft email and saving
2025-05-12 12:07:15 [main] INFO  o.e.businessobjects.ManageDraftsBO - Opening drafts
2025-05-12 12:07:16 [main] INFO  o.e.CreateSaveAndDeleteDraftEmailTest - Verifying draft subject
2025-05-12 12:07:16 [main] INFO  o.e.businessobjects.ManageDraftsBO - Deleting draft email
2025-05-12 12:07:16 [main] INFO  org.epam.util.WebDriverSingleton - Closing a page
2025-05-12 12:07:16 [main] INFO  org.epam.util.WebDriverSingleton - Removing driver
2025-05-12 12:07:16 [main] INFO  i.g.bonigarcia.wdm.WebDriverManager - Using chromedriver 136.0.7103.92 (resolved driver for Chrome 136)
2025-05-12 12:07:16 [main] INFO  i.g.bonigarcia.wdm.WebDriverManager - Exporting webdriver.chrome.driver as C:\Users\Norma\.cache\selenium\chromedriver\win64\136.0.7103.92\chromedriver.exe
2025-05-12 12:07:17 [main] INFO  org.epam.BaseTest - Opening Gmail Login page: https://gmail.com/
2025-05-12 12:07:18 [main] INFO  org.epam.BaseTest - Log in with d13465322@gmail.com login and testPassword password
2025-05-12 12:07:22 [main] INFO  o.epam.businessobjects.MarkEmailBO - Marking email as starred
2025-05-12 12:07:25 [main] INFO  o.epam.businessobjects.MarkEmailBO - Open starred emails
2025-05-12 12:07:27 [main] INFO  org.epam.MarkAsStarredEmailTest - Verifying that email is marked as starred
2025-05-12 12:07:27 [main] INFO  org.epam.businessobjects.BaseBO - Opening first email
2025-05-12 12:07:27 [main] INFO  o.epam.businessobjects.MarkEmailBO - UnMark the email
2025-05-12 12:07:32 [main] INFO  org.epam.util.WebDriverSingleton - Closing a page
2025-05-12 12:07:33 [main] INFO  org.epam.util.WebDriverSingleton - Removing driver
2025-05-12 12:07:33 [main] INFO  i.g.bonigarcia.wdm.WebDriverManager - Using chromedriver 136.0.7103.92 (resolved driver for Chrome 136)
2025-05-12 12:07:33 [main] INFO  i.g.bonigarcia.wdm.WebDriverManager - Exporting webdriver.chrome.driver as C:\Users\Norma\.cache\selenium\chromedriver\win64\136.0.7103.92\chromedriver.exe
2025-05-12 12:07:33 [main] INFO  org.epam.BaseTest - Opening Gmail Login page: https://gmail.com/
2025-05-12 12:07:34 [main] INFO  org.epam.BaseTest - Log in with d13465322@gmail.com login and testPassword password
2025-05-12 12:07:38 [main] INFO  o.e.businessobjects.ManageRepliesBO - Replying to email and sending the reply
2025-05-12 12:07:44 [main] INFO  o.e.businessobjects.ManageRepliesBO - Opening sent emails
2025-05-12 12:07:50 [main] INFO  org.epam.businessobjects.BaseBO - Opening first email
2025-05-12 12:07:50 [main] INFO  o.e.businessobjects.ManageRepliesBO - Deleting the reply
2025-05-12 12:07:55 [main] INFO  org.epam.ReplyToAndDeleteEmailTest - Verifying that reply is deleted
2025-05-12 12:07:55 [main] INFO  org.epam.util.WebDriverSingleton - Closing a page
2025-05-12 12:07:55 [main] INFO  org.epam.util.WebDriverSingleton - Removing driver
2025-05-12 12:07:55 [main] INFO  i.g.bonigarcia.wdm.WebDriverManager - Using chromedriver 136.0.7103.92 (resolved driver for Chrome 136)
2025-05-12 12:07:55 [main] INFO  i.g.bonigarcia.wdm.WebDriverManager - Exporting webdriver.chrome.driver as C:\Users\Norma\.cache\selenium\chromedriver\win64\136.0.7103.92\chromedriver.exe
2025-05-12 12:07:56 [main] INFO  org.epam.BaseTest - Opening Gmail Login page: https://gmail.com/
2025-05-12 12:07:57 [main] INFO  org.epam.BaseTest - Log in with d13465322@gmail.com login and testPassword password
2025-05-12 12:08:02 [main] INFO  o.e.businessobjects.ManageRepliesBO - Replying to email and sending the reply
2025-05-12 12:08:09 [main] INFO  o.e.businessobjects.ManageRepliesBO - Opening sent emails
2025-05-12 12:08:10 [main] INFO  org.epam.ReplyToAndDeleteEmailTest - Verifying reply subject
2025-05-12 12:08:15 [main] INFO  org.epam.businessobjects.BaseBO - Opening first email
2025-05-12 12:08:15 [main] INFO  o.e.businessobjects.ManageRepliesBO - Deleting the reply
2025-05-12 12:08:20 [main] INFO  org.epam.util.WebDriverSingleton - Closing a page
2025-05-12 12:08:21 [main] INFO  org.epam.util.WebDriverSingleton - Removing driver
2025-05-12 12:08:32 [main] WARN  org.testng.xml.TestNGContentHandler - It is strongly recommended to add "<!DOCTYPE suite SYSTEM "https://testng.org/testng-1.1.dtd" >" at the top of the suite file [C:\Users\Norma\IdeaProjects\Practice3\src\test\resources\regression-suite.xml] otherwise TestNG may fail or not work as expected.
2025-05-12 12:08:33 [main] INFO  i.g.bonigarcia.wdm.WebDriverManager - Using chromedriver 136.0.7103.92 (resolved driver for Chrome 136)
2025-05-12 12:08:33 [main] INFO  i.g.bonigarcia.wdm.WebDriverManager - Exporting webdriver.chrome.driver as C:\Users\Norma\.cache\selenium\chromedriver\win64\136.0.7103.92\chromedriver.exe
2025-05-12 12:08:33 [main] INFO  i.g.bonigarcia.wdm.WebDriverManager - Using chromedriver 136.0.7103.92 (resolved driver for Chrome 136)
2025-05-12 12:08:33 [main] INFO  i.g.bonigarcia.wdm.WebDriverManager - Exporting webdriver.chrome.driver as C:\Users\Norma\.cache\selenium\chromedriver\win64\136.0.7103.92\chromedriver.exe
2025-05-12 12:08:34 [main] INFO  org.epam.BaseTest - Opening Gmail Login page: https://gmail.com/
2025-05-12 12:08:35 [main] INFO  org.epam.BaseTest - Log in with demonamedemosurnname@gmail.com login and demoPassword password
2025-05-12 12:08:39 [main] INFO  o.e.businessobjects.ManageDraftsBO - Creating draft email and saving
2025-05-12 12:08:45 [main] INFO  o.e.businessobjects.ManageDraftsBO - Opening drafts
2025-05-12 12:08:46 [main] INFO  o.e.businessobjects.ManageDraftsBO - Deleting draft email
2025-05-12 12:08:46 [main] INFO  o.e.CreateSaveAndDeleteDraftEmailTest - Verifying that draft is deleted
2025-05-12 12:08:46 [main] INFO  org.epam.util.WebDriverSingleton - Closing a page
2025-05-12 12:08:47 [main] INFO  org.epam.util.WebDriverSingleton - Removing driver
2025-05-12 12:08:47 [main] INFO  i.g.bonigarcia.wdm.WebDriverManager - Using chromedriver 136.0.7103.92 (resolved driver for Chrome 136)
2025-05-12 12:08:47 [main] INFO  i.g.bonigarcia.wdm.WebDriverManager - Exporting webdriver.chrome.driver as C:\Users\Norma\.cache\selenium\chromedriver\win64\136.0.7103.92\chromedriver.exe
2025-05-12 12:08:47 [main] INFO  org.epam.BaseTest - Opening Gmail Login page: https://gmail.com/
2025-05-12 12:08:48 [main] INFO  org.epam.BaseTest - Log in with demonamedemosurnname@gmail.com login and demoPassword password
2025-05-12 12:08:53 [main] INFO  o.e.businessobjects.ManageDraftsBO - Creating draft email and saving
2025-05-12 12:08:57 [main] INFO  o.e.businessobjects.ManageDraftsBO - Opening drafts
2025-05-12 12:08:59 [main] INFO  o.e.CreateSaveAndDeleteDraftEmailTest - Verifying draft subject
2025-05-12 12:08:59 [main] INFO  o.e.businessobjects.ManageDraftsBO - Deleting draft email
2025-05-12 12:08:59 [main] INFO  org.epam.util.WebDriverSingleton - Closing a page
2025-05-12 12:08:59 [main] INFO  org.epam.util.WebDriverSingleton - Removing driver
2025-05-12 12:08:59 [main] INFO  i.g.bonigarcia.wdm.WebDriverManager - Using chromedriver 136.0.7103.92 (resolved driver for Chrome 136)
2025-05-12 12:08:59 [main] INFO  i.g.bonigarcia.wdm.WebDriverManager - Exporting webdriver.chrome.driver as C:\Users\Norma\.cache\selenium\chromedriver\win64\136.0.7103.92\chromedriver.exe
2025-05-12 12:09:00 [main] INFO  org.epam.BaseTest - Opening Gmail Login page: https://gmail.com/
2025-05-12 12:09:01 [main] INFO  org.epam.BaseTest - Log in with demonamedemosurnname@gmail.com login and demoPassword password
2025-05-12 12:09:06 [main] INFO  o.epam.businessobjects.MarkEmailBO - Marking email as starred
2025-05-12 12:09:10 [main] INFO  o.epam.businessobjects.MarkEmailBO - Open starred emails
2025-05-12 12:09:12 [main] INFO  org.epam.MarkAsStarredEmailTest - Verifying that email is marked as starred
2025-05-12 12:09:12 [main] INFO  org.epam.businessobjects.BaseBO - Opening first email
2025-05-12 12:09:13 [main] INFO  o.epam.businessobjects.MarkEmailBO - UnMark the email
2025-05-12 12:09:18 [main] INFO  org.epam.util.WebDriverSingleton - Closing a page
2025-05-12 12:09:18 [main] INFO  org.epam.util.WebDriverSingleton - Removing driver
2025-05-12 12:09:18 [main] INFO  i.g.bonigarcia.wdm.WebDriverManager - Using chromedriver 136.0.7103.92 (resolved driver for Chrome 136)
2025-05-12 12:09:18 [main] INFO  i.g.bonigarcia.wdm.WebDriverManager - Exporting webdriver.chrome.driver as C:\Users\Norma\.cache\selenium\chromedriver\win64\136.0.7103.92\chromedriver.exe
2025-05-12 12:09:19 [main] INFO  org.epam.BaseTest - Opening Gmail Login page: https://gmail.com/
2025-05-12 12:09:20 [main] INFO  org.epam.BaseTest - Log in with demonamedemosurnname@gmail.com login and demoPassword password
2025-05-12 12:09:24 [main] INFO  o.e.businessobjects.ManageRepliesBO - Replying to email and sending the reply
2025-05-12 12:09:29 [main] INFO  o.e.businessobjects.ManageRepliesBO - Opening sent emails
2025-05-12 12:09:34 [main] INFO  org.epam.util.ScreenshotUtil - Screenshot is saved at screenshots/20250512_120934.png
2025-05-12 12:09:39 [main] INFO  o.e.businessobjects.ManageRepliesBO - Deleting the reply
2025-05-12 12:09:44 [main] INFO  org.epam.util.WebDriverSingleton - Closing a page
2025-05-12 12:09:45 [main] INFO  org.epam.util.WebDriverSingleton - Removing driver
2025-05-12 12:09:45 [main] INFO  i.g.bonigarcia.wdm.WebDriverManager - Using chromedriver 136.0.7103.92 (resolved driver for Chrome 136)
2025-05-12 12:09:45 [main] INFO  i.g.bonigarcia.wdm.WebDriverManager - Exporting webdriver.chrome.driver as C:\Users\Norma\.cache\selenium\chromedriver\win64\136.0.7103.92\chromedriver.exe
2025-05-12 12:09:45 [main] INFO  org.epam.BaseTest - Opening Gmail Login page: https://gmail.com/
2025-05-12 12:09:47 [main] INFO  org.epam.BaseTest - Log in with demonamedemosurnname@gmail.com login and demoPassword password
2025-05-12 12:09:52 [main] INFO  o.e.businessobjects.ManageRepliesBO - Replying to email and sending the reply
2025-05-12 12:09:59 [main] INFO  o.e.businessobjects.ManageRepliesBO - Opening sent emails
2025-05-12 12:10:00 [main] INFO  org.epam.ReplyToAndDeleteEmailTest - Verifying reply subject
2025-05-12 12:10:05 [main] INFO  org.epam.businessobjects.BaseBO - Opening first email
2025-05-12 12:10:05 [main] INFO  o.e.businessobjects.ManageRepliesBO - Deleting the reply
2025-05-12 12:10:37 [main] WARN  org.testng.xml.TestNGContentHandler - It is strongly recommended to add "<!DOCTYPE suite SYSTEM "https://testng.org/testng-1.1.dtd" >" at the top of the suite file [C:\Users\Norma\IdeaProjects\Practice3\src\test\resources\regression-suite.xml] otherwise TestNG may fail or not work as expected.
2025-05-12 12:10:38 [main] INFO  i.g.bonigarcia.wdm.WebDriverManager - Using chromedriver 136.0.7103.92 (resolved driver for Chrome 136)
2025-05-12 12:10:38 [main] INFO  i.g.bonigarcia.wdm.WebDriverManager - Exporting webdriver.chrome.driver as C:\Users\Norma\.cache\selenium\chromedriver\win64\136.0.7103.92\chromedriver.exe
2025-05-12 12:10:38 [main] INFO  i.g.bonigarcia.wdm.WebDriverManager - Using chromedriver 136.0.7103.92 (resolved driver for Chrome 136)
2025-05-12 12:10:38 [main] INFO  i.g.bonigarcia.wdm.WebDriverManager - Exporting webdriver.chrome.driver as C:\Users\Norma\.cache\selenium\chromedriver\win64\136.0.7103.92\chromedriver.exe
2025-05-12 12:10:39 [main] INFO  org.epam.BaseTest - Opening Gmail Login page: https://gmail.com/
2025-05-12 12:10:40 [main] INFO  org.epam.BaseTest - Log in with demonamedemosurnname@gmail.com login and demoPassword password
2025-05-12 12:10:45 [main] INFO  o.e.businessobjects.ManageDraftsBO - Creating draft email and saving
2025-05-12 12:10:49 [main] INFO  o.e.businessobjects.ManageDraftsBO - Opening drafts
2025-05-12 12:10:51 [main] INFO  o.e.businessobjects.ManageDraftsBO - Deleting draft email
2025-05-12 12:10:51 [main] INFO  o.e.CreateSaveAndDeleteDraftEmailTest - Verifying that draft is deleted
2025-05-12 12:10:51 [main] INFO  org.epam.util.WebDriverSingleton - Closing a page
2025-05-12 12:10:51 [main] INFO  org.epam.util.WebDriverSingleton - Removing driver
2025-05-12 12:10:51 [main] INFO  i.g.bonigarcia.wdm.WebDriverManager - Using chromedriver 136.0.7103.92 (resolved driver for Chrome 136)
2025-05-12 12:10:51 [main] INFO  i.g.bonigarcia.wdm.WebDriverManager - Exporting webdriver.chrome.driver as C:\Users\Norma\.cache\selenium\chromedriver\win64\136.0.7103.92\chromedriver.exe
2025-05-12 12:10:52 [main] INFO  org.epam.BaseTest - Opening Gmail Login page: https://gmail.com/
2025-05-12 12:10:53 [main] INFO  org.epam.BaseTest - Log in with demonamedemosurnname@gmail.com login and demoPassword password
2025-05-12 12:10:57 [main] INFO  o.e.businessobjects.ManageDraftsBO - Creating draft email and saving
2025-05-12 12:11:03 [main] INFO  o.e.businessobjects.ManageDraftsBO - Opening drafts
2025-05-12 12:11:04 [main] INFO  o.e.CreateSaveAndDeleteDraftEmailTest - Verifying draft subject
2025-05-12 12:11:04 [main] INFO  o.e.businessobjects.ManageDraftsBO - Deleting draft email
2025-05-12 12:11:04 [main] INFO  org.epam.util.WebDriverSingleton - Closing a page
2025-05-12 12:11:05 [main] INFO  org.epam.util.WebDriverSingleton - Removing driver
2025-05-12 12:11:05 [main] INFO  i.g.bonigarcia.wdm.WebDriverManager - Using chromedriver 136.0.7103.92 (resolved driver for Chrome 136)
2025-05-12 12:11:05 [main] INFO  i.g.bonigarcia.wdm.WebDriverManager - Exporting webdriver.chrome.driver as C:\Users\Norma\.cache\selenium\chromedriver\win64\136.0.7103.92\chromedriver.exe
2025-05-12 12:11:05 [main] INFO  org.epam.BaseTest - Opening Gmail Login page: https://gmail.com/
2025-05-12 12:11:06 [main] INFO  org.epam.BaseTest - Log in with demonamedemosurnname@gmail.com login and demoPassword password
2025-05-12 12:11:11 [main] INFO  o.epam.businessobjects.MarkEmailBO - Marking email as starred
2025-05-12 12:11:15 [main] INFO  o.epam.businessobjects.MarkEmailBO - Open starred emails
2025-05-12 12:11:17 [main] INFO  org.epam.MarkAsStarredEmailTest - Verifying that email is marked as starred
2025-05-12 12:11:17 [main] INFO  org.epam.businessobjects.BaseBO - Opening first email
2025-05-12 12:11:17 [main] INFO  o.epam.businessobjects.MarkEmailBO - UnMark the email
2025-05-12 12:11:22 [main] INFO  org.epam.util.WebDriverSingleton - Closing a page
2025-05-12 12:11:22 [main] INFO  org.epam.util.WebDriverSingleton - Removing driver
2025-05-12 12:11:22 [main] INFO  i.g.bonigarcia.wdm.WebDriverManager - Using chromedriver 136.0.7103.92 (resolved driver for Chrome 136)
2025-05-12 12:11:22 [main] INFO  i.g.bonigarcia.wdm.WebDriverManager - Exporting webdriver.chrome.driver as C:\Users\Norma\.cache\selenium\chromedriver\win64\136.0.7103.92\chromedriver.exe
2025-05-12 12:11:23 [main] INFO  org.epam.BaseTest - Opening Gmail Login page: https://gmail.com/
2025-05-12 12:11:24 [main] INFO  org.epam.BaseTest - Log in with demonamedemosurnname@gmail.com login and demoPassword password
2025-05-12 12:11:28 [main] INFO  o.e.businessobjects.ManageRepliesBO - Replying to email and sending the reply
2025-05-12 12:11:34 [main] INFO  o.e.businessobjects.ManageRepliesBO - Opening sent emails
2025-05-12 12:11:40 [main] INFO  org.epam.businessobjects.BaseBO - Opening first email
2025-05-12 12:11:40 [main] INFO  o.e.businessobjects.ManageRepliesBO - Deleting the reply
2025-05-12 12:11:46 [main] INFO  org.epam.ReplyToAndDeleteEmailTest - Verifying that reply is deleted
2025-05-12 12:11:46 [main] INFO  org.epam.util.WebDriverSingleton - Closing a page
2025-05-12 12:11:46 [main] INFO  org.epam.util.WebDriverSingleton - Removing driver
2025-05-12 12:11:46 [main] INFO  i.g.bonigarcia.wdm.WebDriverManager - Using chromedriver 136.0.7103.92 (resolved driver for Chrome 136)
2025-05-12 12:11:46 [main] INFO  i.g.bonigarcia.wdm.WebDriverManager - Exporting webdriver.chrome.driver as C:\Users\Norma\.cache\selenium\chromedriver\win64\136.0.7103.92\chromedriver.exe
2025-05-12 12:11:47 [main] INFO  org.epam.BaseTest - Opening Gmail Login page: https://gmail.com/
2025-05-12 12:11:48 [main] INFO  org.epam.BaseTest - Log in with demonamedemosurnname@gmail.com login and demoPassword password
2025-05-12 12:11:53 [main] INFO  o.e.businessobjects.ManageRepliesBO - Replying to email and sending the reply
2025-05-12 12:11:59 [main] INFO  o.e.businessobjects.ManageRepliesBO - Opening sent emails
2025-05-12 12:12:00 [main] INFO  org.epam.ReplyToAndDeleteEmailTest - Verifying reply subject
2025-05-12 12:12:05 [main] INFO  org.epam.businessobjects.BaseBO - Opening first email
2025-05-12 12:12:05 [main] INFO  o.e.businessobjects.ManageRepliesBO - Deleting the reply
2025-05-12 12:12:10 [main] INFO  org.epam.util.WebDriverSingleton - Closing a page
2025-05-12 12:12:10 [main] INFO  org.epam.util.WebDriverSingleton - Removing driver
2025-05-12 12:18:41 [main] WARN  org.testng.xml.TestNGContentHandler - It is strongly recommended to add "<!DOCTYPE suite SYSTEM "https://testng.org/testng-1.1.dtd" >" at the top of the suite file [C:\Users\Norma\IdeaProjects\Practice3\src\test\resources\regression-suite.xml] otherwise TestNG may fail or not work as expected.
2025-05-12 12:18:42 [main] INFO  i.g.bonigarcia.wdm.WebDriverManager - Using chromedriver 136.0.7103.92 (resolved driver for Chrome 136)
2025-05-12 12:18:42 [main] INFO  i.g.bonigarcia.wdm.WebDriverManager - Exporting webdriver.chrome.driver as C:\Users\Norma\.cache\selenium\chromedriver\win64\136.0.7103.92\chromedriver.exe
2025-05-12 12:18:42 [main] INFO  i.g.bonigarcia.wdm.WebDriverManager - Using chromedriver 136.0.7103.92 (resolved driver for Chrome 136)
2025-05-12 12:18:42 [main] INFO  i.g.bonigarcia.wdm.WebDriverManager - Exporting webdriver.chrome.driver as C:\Users\Norma\.cache\selenium\chromedriver\win64\136.0.7103.92\chromedriver.exe
2025-05-12 12:18:43 [main] INFO  org.epam.BaseTest - Opening Gmail Login page: https://gmail.com/
2025-05-12 12:18:45 [main] INFO  org.epam.BaseTest - Log in with demonamedemosurnname@gmail.com login and demoPassword password
2025-05-12 12:18:48 [main] INFO  o.e.businessobjects.ManageDraftsBO - Creating draft email and saving
2025-05-12 12:18:54 [main] INFO  o.e.businessobjects.ManageDraftsBO - Opening drafts
2025-05-12 12:18:55 [main] INFO  o.e.businessobjects.ManageDraftsBO - Deleting draft email
2025-05-12 12:18:55 [main] INFO  o.e.CreateSaveAndDeleteDraftEmailTest - Verifying that draft is deleted
2025-05-12 12:18:56 [main] INFO  org.epam.util.WebDriverSingleton - Closing a page
2025-05-12 12:18:56 [main] INFO  org.epam.util.WebDriverSingleton - Removing driver
2025-05-12 12:18:56 [main] INFO  i.g.bonigarcia.wdm.WebDriverManager - Using chromedriver 136.0.7103.92 (resolved driver for Chrome 136)
2025-05-12 12:18:56 [main] INFO  i.g.bonigarcia.wdm.WebDriverManager - Exporting webdriver.chrome.driver as C:\Users\Norma\.cache\selenium\chromedriver\win64\136.0.7103.92\chromedriver.exe
2025-05-12 12:18:56 [main] INFO  org.epam.BaseTest - Opening Gmail Login page: https://gmail.com/
2025-05-12 12:18:57 [main] INFO  org.epam.BaseTest - Log in with demonamedemosurnname@gmail.com login and demoPassword password
2025-05-12 12:19:01 [main] INFO  o.e.businessobjects.ManageDraftsBO - Creating draft email and saving
2025-05-12 12:19:06 [main] INFO  o.e.businessobjects.ManageDraftsBO - Opening drafts
2025-05-12 12:19:07 [main] INFO  o.e.CreateSaveAndDeleteDraftEmailTest - Verifying draft subject
2025-05-12 12:19:07 [main] INFO  o.e.businessobjects.ManageDraftsBO - Deleting draft email
2025-05-12 12:19:07 [main] INFO  org.epam.util.WebDriverSingleton - Closing a page
2025-05-12 12:19:09 [main] INFO  org.epam.util.WebDriverSingleton - Removing driver
2025-05-12 12:19:09 [main] INFO  i.g.bonigarcia.wdm.WebDriverManager - Using chromedriver 136.0.7103.92 (resolved driver for Chrome 136)
2025-05-12 12:19:09 [main] INFO  i.g.bonigarcia.wdm.WebDriverManager - Exporting webdriver.chrome.driver as C:\Users\Norma\.cache\selenium\chromedriver\win64\136.0.7103.92\chromedriver.exe
2025-05-12 12:19:09 [main] INFO  org.epam.BaseTest - Opening Gmail Login page: https://gmail.com/
2025-05-12 12:19:10 [main] INFO  org.epam.BaseTest - Log in with demonamedemosurnname@gmail.com login and demoPassword password
2025-05-12 12:19:15 [main] INFO  o.epam.businessobjects.MarkEmailBO - Marking email as starred
2025-05-12 12:19:20 [main] INFO  o.epam.businessobjects.MarkEmailBO - Open starred emails
2025-05-12 12:19:22 [main] INFO  org.epam.MarkAsStarredEmailTest - Verifying that email is marked as starred
2025-05-12 12:19:22 [main] INFO  org.epam.businessobjects.BaseBO - Opening first email
2025-05-12 12:19:22 [main] INFO  o.epam.businessobjects.MarkEmailBO - UnMark the email
2025-05-12 12:19:27 [main] INFO  org.epam.util.WebDriverSingleton - Closing a page
2025-05-12 12:19:27 [main] INFO  org.epam.util.WebDriverSingleton - Removing driver
2025-05-12 12:19:27 [main] INFO  i.g.bonigarcia.wdm.WebDriverManager - Using chromedriver 136.0.7103.92 (resolved driver for Chrome 136)
2025-05-12 12:19:27 [main] INFO  i.g.bonigarcia.wdm.WebDriverManager - Exporting webdriver.chrome.driver as C:\Users\Norma\.cache\selenium\chromedriver\win64\136.0.7103.92\chromedriver.exe
2025-05-12 12:19:28 [main] INFO  org.epam.BaseTest - Opening Gmail Login page: https://gmail.com/
2025-05-12 12:19:29 [main] INFO  org.epam.BaseTest - Log in with demonamedemosurnname@gmail.com login and demoPassword password
2025-05-12 12:19:33 [main] INFO  o.e.businessobjects.ManageRepliesBO - Replying to email and sending the reply
2025-05-12 12:19:39 [main] INFO  o.e.businessobjects.ManageRepliesBO - Opening sent emails
2025-05-12 12:19:45 [main] INFO  org.epam.businessobjects.BaseBO - Opening first email
2025-05-12 12:19:45 [main] INFO  o.e.businessobjects.ManageRepliesBO - Deleting the reply
2025-05-12 12:19:50 [main] INFO  org.epam.ReplyToAndDeleteEmailTest - Verifying that reply is deleted
2025-05-12 12:19:50 [main] INFO  org.epam.util.WebDriverSingleton - Closing a page
2025-05-12 12:19:51 [main] INFO  org.epam.util.WebDriverSingleton - Removing driver
2025-05-12 12:19:51 [main] INFO  i.g.bonigarcia.wdm.WebDriverManager - Using chromedriver 136.0.7103.92 (resolved driver for Chrome 136)
2025-05-12 12:19:51 [main] INFO  i.g.bonigarcia.wdm.WebDriverManager - Exporting webdriver.chrome.driver as C:\Users\Norma\.cache\selenium\chromedriver\win64\136.0.7103.92\chromedriver.exe
2025-05-12 12:19:51 [main] INFO  org.epam.BaseTest - Opening Gmail Login page: https://gmail.com/
2025-05-12 12:19:52 [main] INFO  org.epam.BaseTest - Log in with demonamedemosurnname@gmail.com login and demoPassword password
2025-05-12 12:19:58 [main] INFO  o.e.businessobjects.ManageRepliesBO - Replying to email and sending the reply
2025-05-12 12:20:04 [main] INFO  o.e.businessobjects.ManageRepliesBO - Opening sent emails
2025-05-12 12:20:05 [main] INFO  org.epam.ReplyToAndDeleteEmailTest - Verifying reply subject
2025-05-12 12:20:10 [main] INFO  org.epam.businessobjects.BaseBO - Opening first email
2025-05-12 12:20:11 [main] INFO  o.e.businessobjects.ManageRepliesBO - Deleting the reply
2025-05-12 12:20:16 [main] INFO  org.epam.util.WebDriverSingleton - Closing a page
2025-05-12 12:20:16 [main] INFO  org.epam.util.WebDriverSingleton - Removing driver
2025-05-12 12:20:27 [main] WARN  org.testng.xml.TestNGContentHandler - It is strongly recommended to add "<!DOCTYPE suite SYSTEM "https://testng.org/testng-1.1.dtd" >" at the top of the suite file [C:\Users\Norma\IdeaProjects\Practice3\src\test\resources\regression-suite.xml] otherwise TestNG may fail or not work as expected.
2025-05-12 12:20:28 [main] INFO  i.g.bonigarcia.wdm.WebDriverManager - Using chromedriver 136.0.7103.92 (resolved driver for Chrome 136)
2025-05-12 12:20:28 [main] INFO  i.g.bonigarcia.wdm.WebDriverManager - Exporting webdriver.chrome.driver as C:\Users\Norma\.cache\selenium\chromedriver\win64\136.0.7103.92\chromedriver.exe
2025-05-12 12:20:28 [main] INFO  i.g.bonigarcia.wdm.WebDriverManager - Using chromedriver 136.0.7103.92 (resolved driver for Chrome 136)
2025-05-12 12:20:28 [main] INFO  i.g.bonigarcia.wdm.WebDriverManager - Exporting webdriver.chrome.driver as C:\Users\Norma\.cache\selenium\chromedriver\win64\136.0.7103.92\chromedriver.exe
2025-05-12 12:20:29 [main] INFO  org.epam.BaseTest - Opening Gmail Login page: https://gmail.com/
2025-05-12 12:20:30 [main] INFO  org.epam.BaseTest - Log in with d13465322@gmail.com login and testPassword password
2025-05-12 12:20:33 [main] INFO  o.e.businessobjects.ManageDraftsBO - Creating draft email and saving
2025-05-12 12:20:37 [main] INFO  o.e.businessobjects.ManageDraftsBO - Opening drafts
2025-05-12 12:20:38 [main] INFO  o.e.businessobjects.ManageDraftsBO - Deleting draft email
2025-05-12 12:20:38 [main] INFO  o.e.CreateSaveAndDeleteDraftEmailTest - Verifying that draft is deleted
2025-05-12 12:20:38 [main] INFO  org.epam.util.WebDriverSingleton - Closing a page
2025-05-12 12:20:39 [main] INFO  org.epam.util.WebDriverSingleton - Removing driver
2025-05-12 12:20:39 [main] INFO  i.g.bonigarcia.wdm.WebDriverManager - Using chromedriver 136.0.7103.92 (resolved driver for Chrome 136)
2025-05-12 12:20:39 [main] INFO  i.g.bonigarcia.wdm.WebDriverManager - Exporting webdriver.chrome.driver as C:\Users\Norma\.cache\selenium\chromedriver\win64\136.0.7103.92\chromedriver.exe
2025-05-12 12:20:39 [main] INFO  org.epam.BaseTest - Opening Gmail Login page: https://gmail.com/
2025-05-12 12:20:41 [main] INFO  org.epam.BaseTest - Log in with d13465322@gmail.com login and testPassword password
2025-05-12 12:20:46 [main] INFO  o.e.businessobjects.ManageDraftsBO - Creating draft email and saving
2025-05-12 12:20:50 [main] INFO  o.e.businessobjects.ManageDraftsBO - Opening drafts
2025-05-12 12:20:52 [main] INFO  o.e.CreateSaveAndDeleteDraftEmailTest - Verifying draft subject
2025-05-12 12:20:52 [main] INFO  o.e.businessobjects.ManageDraftsBO - Deleting draft email
2025-05-12 12:20:52 [main] INFO  org.epam.util.WebDriverSingleton - Closing a page
2025-05-12 12:20:52 [main] INFO  org.epam.util.WebDriverSingleton - Removing driver
2025-05-12 12:20:52 [main] INFO  i.g.bonigarcia.wdm.WebDriverManager - Using chromedriver 136.0.7103.92 (resolved driver for Chrome 136)
2025-05-12 12:20:52 [main] INFO  i.g.bonigarcia.wdm.WebDriverManager - Exporting webdriver.chrome.driver as C:\Users\Norma\.cache\selenium\chromedriver\win64\136.0.7103.92\chromedriver.exe
2025-05-12 12:20:53 [main] INFO  org.epam.BaseTest - Opening Gmail Login page: https://gmail.com/
2025-05-12 12:20:54 [main] INFO  org.epam.BaseTest - Log in with d13465322@gmail.com login and testPassword password
2025-05-12 12:20:59 [main] INFO  o.epam.businessobjects.MarkEmailBO - Marking email as starred
2025-05-12 12:21:02 [main] INFO  o.epam.businessobjects.MarkEmailBO - Open starred emails
2025-05-12 12:21:04 [main] INFO  org.epam.MarkAsStarredEmailTest - Verifying that email is marked as starred
2025-05-12 12:21:04 [main] INFO  org.epam.businessobjects.BaseBO - Opening first email
2025-05-12 12:21:04 [main] INFO  o.epam.businessobjects.MarkEmailBO - UnMark the email
2025-05-12 12:21:09 [main] INFO  org.epam.util.WebDriverSingleton - Closing a page
2025-05-12 12:21:10 [main] INFO  org.epam.util.WebDriverSingleton - Removing driver
2025-05-12 12:21:10 [main] INFO  i.g.bonigarcia.wdm.WebDriverManager - Using chromedriver 136.0.7103.92 (resolved driver for Chrome 136)
2025-05-12 12:21:10 [main] INFO  i.g.bonigarcia.wdm.WebDriverManager - Exporting webdriver.chrome.driver as C:\Users\Norma\.cache\selenium\chromedriver\win64\136.0.7103.92\chromedriver.exe
2025-05-12 12:21:10 [main] INFO  org.epam.BaseTest - Opening Gmail Login page: https://gmail.com/
2025-05-12 12:21:11 [main] INFO  org.epam.BaseTest - Log in with d13465322@gmail.com login and testPassword password
2025-05-12 12:21:15 [main] INFO  o.e.businessobjects.ManageRepliesBO - Replying to email and sending the reply
2025-05-12 12:21:20 [main] INFO  o.e.businessobjects.ManageRepliesBO - Opening sent emails
2025-05-12 12:21:26 [main] INFO  org.epam.businessobjects.BaseBO - Opening first email
2025-05-12 12:21:26 [main] INFO  o.e.businessobjects.ManageRepliesBO - Deleting the reply
2025-05-12 12:21:31 [main] INFO  org.epam.ReplyToAndDeleteEmailTest - Verifying that reply is deleted
2025-05-12 12:21:31 [main] INFO  org.epam.util.WebDriverSingleton - Closing a page
2025-05-12 12:21:31 [main] INFO  org.epam.util.WebDriverSingleton - Removing driver
2025-05-12 12:21:31 [main] INFO  i.g.bonigarcia.wdm.WebDriverManager - Using chromedriver 136.0.7103.92 (resolved driver for Chrome 136)
2025-05-12 12:21:31 [main] INFO  i.g.bonigarcia.wdm.WebDriverManager - Exporting webdriver.chrome.driver as C:\Users\Norma\.cache\selenium\chromedriver\win64\136.0.7103.92\chromedriver.exe
2025-05-12 12:21:32 [main] INFO  org.epam.BaseTest - Opening Gmail Login page: https://gmail.com/
2025-05-12 12:21:33 [main] INFO  org.epam.BaseTest - Log in with d13465322@gmail.com login and testPassword password
2025-05-12 12:21:37 [main] INFO  o.e.businessobjects.ManageRepliesBO - Replying to email and sending the reply
2025-05-12 12:21:42 [main] INFO  o.e.businessobjects.ManageRepliesBO - Opening sent emails
2025-05-12 12:21:43 [main] INFO  org.epam.ReplyToAndDeleteEmailTest - Verifying reply subject
2025-05-12 12:21:48 [main] INFO  org.epam.businessobjects.BaseBO - Opening first email
2025-05-12 12:21:48 [main] INFO  o.e.businessobjects.ManageRepliesBO - Deleting the reply
2025-05-12 12:21:53 [main] INFO  org.epam.util.WebDriverSingleton - Closing a page
2025-05-12 12:21:54 [main] INFO  org.epam.util.WebDriverSingleton - Removing driver
2025-05-12 12:54:54 [main] WARN  org.testng.xml.TestNGContentHandler - It is strongly recommended to add "<!DOCTYPE suite SYSTEM "https://testng.org/testng-1.1.dtd" >" at the top of the suite file [C:\Users\Norma\IdeaProjects\Practice3\src\test\resources\regression-suite.xml] otherwise TestNG may fail or not work as expected.
2025-05-12 12:54:55 [main] INFO  i.g.bonigarcia.wdm.WebDriverManager - Using chromedriver 136.0.7103.92 (resolved driver for Chrome 136)
2025-05-12 12:54:55 [main] INFO  i.g.bonigarcia.wdm.WebDriverManager - Exporting webdriver.chrome.driver as C:\Users\Norma\.cache\selenium\chromedriver\win64\136.0.7103.92\chromedriver.exe
2025-05-12 12:54:55 [main] INFO  i.g.bonigarcia.wdm.WebDriverManager - Using chromedriver 136.0.7103.92 (resolved driver for Chrome 136)
2025-05-12 12:54:55 [main] INFO  i.g.bonigarcia.wdm.WebDriverManager - Exporting webdriver.chrome.driver as C:\Users\Norma\.cache\selenium\chromedriver\win64\136.0.7103.92\chromedriver.exe
2025-05-12 12:54:56 [main] INFO  org.epam.BaseTest - Opening Gmail Login page: https://gmail.com/
2025-05-12 12:54:59 [main] INFO  org.epam.BaseTest - Log in with d13465322@gmail.com login and testPassword password
2025-05-12 12:55:03 [main] INFO  o.e.businessobjects.ManageDraftsBO - Creating draft email and saving
2025-05-12 12:55:08 [main] INFO  o.e.businessobjects.ManageDraftsBO - Opening drafts
2025-05-12 12:55:09 [main] INFO  o.e.businessobjects.ManageDraftsBO - Deleting draft email
2025-05-12 12:55:09 [main] INFO  o.e.CreateSaveAndDeleteDraftEmailTest - Verifying that draft is deleted
2025-05-12 12:55:09 [main] INFO  org.epam.util.WebDriverSingleton - Closing a page
2025-05-12 12:55:09 [main] INFO  org.epam.util.WebDriverSingleton - Removing driver
2025-05-12 12:55:09 [main] INFO  i.g.bonigarcia.wdm.WebDriverManager - Using chromedriver 136.0.7103.92 (resolved driver for Chrome 136)
2025-05-12 12:55:09 [main] INFO  i.g.bonigarcia.wdm.WebDriverManager - Exporting webdriver.chrome.driver as C:\Users\Norma\.cache\selenium\chromedriver\win64\136.0.7103.92\chromedriver.exe
2025-05-12 12:55:10 [main] INFO  org.epam.BaseTest - Opening Gmail Login page: https://gmail.com/
2025-05-12 12:55:11 [main] INFO  org.epam.BaseTest - Log in with d13465322@gmail.com login and testPassword password
2025-05-12 12:55:16 [main] INFO  o.e.businessobjects.ManageDraftsBO - Creating draft email and saving
2025-05-12 12:55:21 [main] INFO  o.e.businessobjects.ManageDraftsBO - Opening drafts
2025-05-12 12:55:22 [main] INFO  o.e.CreateSaveAndDeleteDraftEmailTest - Verifying draft subject
2025-05-12 12:55:22 [main] INFO  o.e.businessobjects.ManageDraftsBO - Deleting draft email
2025-05-12 12:55:22 [main] INFO  org.epam.util.WebDriverSingleton - Closing a page
2025-05-12 12:55:22 [main] INFO  org.epam.util.WebDriverSingleton - Removing driver
2025-05-12 12:55:22 [main] INFO  i.g.bonigarcia.wdm.WebDriverManager - Using chromedriver 136.0.7103.92 (resolved driver for Chrome 136)
2025-05-12 12:55:22 [main] INFO  i.g.bonigarcia.wdm.WebDriverManager - Exporting webdriver.chrome.driver as C:\Users\Norma\.cache\selenium\chromedriver\win64\136.0.7103.92\chromedriver.exe
2025-05-12 12:55:23 [main] INFO  org.epam.BaseTest - Opening Gmail Login page: https://gmail.com/
2025-05-12 12:55:24 [main] INFO  org.epam.BaseTest - Log in with d13465322@gmail.com login and testPassword password
2025-05-12 12:55:29 [main] INFO  o.epam.businessobjects.MarkEmailBO - Marking email as starred
2025-05-12 12:55:32 [main] INFO  o.epam.businessobjects.MarkEmailBO - Open starred emails
2025-05-12 12:55:34 [main] INFO  org.epam.MarkAsStarredEmailTest - Verifying that email is marked as starred
2025-05-12 12:55:34 [main] INFO  org.epam.businessobjects.BaseBO - Opening first email
2025-05-12 12:55:34 [main] INFO  o.epam.businessobjects.MarkEmailBO - UnMark the email
2025-05-12 12:55:39 [main] INFO  org.epam.util.WebDriverSingleton - Closing a page
2025-05-12 12:55:39 [main] INFO  org.epam.util.WebDriverSingleton - Removing driver
2025-05-12 12:55:39 [main] INFO  i.g.bonigarcia.wdm.WebDriverManager - Using chromedriver 136.0.7103.92 (resolved driver for Chrome 136)
2025-05-12 12:55:39 [main] INFO  i.g.bonigarcia.wdm.WebDriverManager - Exporting webdriver.chrome.driver as C:\Users\Norma\.cache\selenium\chromedriver\win64\136.0.7103.92\chromedriver.exe
2025-05-12 12:55:40 [main] INFO  org.epam.BaseTest - Opening Gmail Login page: https://gmail.com/
2025-05-12 12:55:41 [main] INFO  org.epam.BaseTest - Log in with d13465322@gmail.com login and testPassword password
2025-05-12 12:55:44 [main] INFO  o.e.businessobjects.ManageRepliesBO - Replying to email and sending the reply
2025-05-12 12:55:50 [main] INFO  o.e.businessobjects.ManageRepliesBO - Opening sent emails
2025-05-12 12:55:55 [main] INFO  org.epam.businessobjects.BaseBO - Opening first email
2025-05-12 12:55:55 [main] INFO  o.e.businessobjects.ManageRepliesBO - Deleting the reply
2025-05-12 12:56:01 [main] INFO  org.epam.ReplyToAndDeleteEmailTest - Verifying that reply is deleted
2025-05-12 12:56:01 [main] INFO  org.epam.util.WebDriverSingleton - Closing a page
2025-05-12 12:56:01 [main] INFO  org.epam.util.WebDriverSingleton - Removing driver
2025-05-12 12:56:01 [main] INFO  i.g.bonigarcia.wdm.WebDriverManager - Using chromedriver 136.0.7103.92 (resolved driver for Chrome 136)
2025-05-12 12:56:01 [main] INFO  i.g.bonigarcia.wdm.WebDriverManager - Exporting webdriver.chrome.driver as C:\Users\Norma\.cache\selenium\chromedriver\win64\136.0.7103.92\chromedriver.exe
2025-05-12 12:56:02 [main] INFO  org.epam.BaseTest - Opening Gmail Login page: https://gmail.com/
2025-05-12 12:56:03 [main] INFO  org.epam.BaseTest - Log in with d13465322@gmail.com login and testPassword password
2025-05-12 12:56:06 [main] INFO  o.e.businessobjects.ManageRepliesBO - Replying to email and sending the reply
2025-05-12 12:56:12 [main] INFO  o.e.businessobjects.ManageRepliesBO - Opening sent emails
2025-05-12 12:56:12 [main] INFO  org.epam.ReplyToAndDeleteEmailTest - Verifying reply subject
2025-05-12 12:56:17 [main] INFO  org.epam.businessobjects.BaseBO - Opening first email
2025-05-12 12:56:17 [main] INFO  o.e.businessobjects.ManageRepliesBO - Deleting the reply
2025-05-12 12:56:23 [main] INFO  org.epam.util.WebDriverSingleton - Closing a page
2025-05-12 12:56:23 [main] INFO  org.epam.util.WebDriverSingleton - Removing driver
2025-05-12 12:56:37 [main] WARN  org.testng.xml.TestNGContentHandler - It is strongly recommended to add "<!DOCTYPE suite SYSTEM "https://testng.org/testng-1.1.dtd" >" at the top of the suite file [C:\Users\Norma\IdeaProjects\Practice3\src\test\resources\regression-suite.xml] otherwise TestNG may fail or not work as expected.
2025-05-12 12:56:38 [main] INFO  i.g.bonigarcia.wdm.WebDriverManager - Using msedgedriver 136.0.3240.64 (resolved driver for Edge 136)
2025-05-12 12:56:38 [main] INFO  i.g.bonigarcia.wdm.WebDriverManager - Exporting webdriver.edge.driver as C:\Users\Norma\.cache\selenium\msedgedriver\win64\136.0.3240.64\msedgedriver.exe
2025-05-12 12:56:38 [main] INFO  i.g.bonigarcia.wdm.WebDriverManager - Using msedgedriver 136.0.3240.64 (resolved driver for Edge 136)
2025-05-12 12:56:38 [main] INFO  i.g.bonigarcia.wdm.WebDriverManager - Exporting webdriver.edge.driver as C:\Users\Norma\.cache\selenium\msedgedriver\win64\136.0.3240.64\msedgedriver.exe
2025-05-12 12:56:39 [main] INFO  org.epam.BaseTest - Opening Gmail Login page: https://gmail.com/
2025-05-12 12:56:40 [main] INFO  org.epam.BaseTest - Log in with demonamedemosurnname@gmail.com login and demoPassword password
2025-05-12 12:56:45 [main] INFO  o.e.businessobjects.ManageDraftsBO - Creating draft email and saving
2025-05-12 12:56:48 [main] INFO  o.e.businessobjects.ManageDraftsBO - Opening drafts
2025-05-12 12:56:50 [main] INFO  o.e.businessobjects.ManageDraftsBO - Deleting draft email
2025-05-12 12:56:50 [main] INFO  o.e.CreateSaveAndDeleteDraftEmailTest - Verifying that draft is deleted
2025-05-12 12:56:50 [main] INFO  org.epam.util.WebDriverSingleton - Closing a page
2025-05-12 12:56:52 [main] INFO  org.epam.util.WebDriverSingleton - Removing driver
2025-05-12 12:56:52 [main] INFO  i.g.bonigarcia.wdm.WebDriverManager - Using msedgedriver 136.0.3240.64 (resolved driver for Edge 136)
2025-05-12 12:56:52 [main] INFO  i.g.bonigarcia.wdm.WebDriverManager - Exporting webdriver.edge.driver as C:\Users\Norma\.cache\selenium\msedgedriver\win64\136.0.3240.64\msedgedriver.exe
2025-05-12 12:56:52 [main] INFO  org.epam.BaseTest - Opening Gmail Login page: https://gmail.com/
2025-05-12 12:56:53 [main] INFO  org.epam.BaseTest - Log in with demonamedemosurnname@gmail.com login and demoPassword password
2025-05-12 12:56:57 [main] INFO  o.e.businessobjects.ManageDraftsBO - Creating draft email and saving
2025-05-12 12:57:01 [main] INFO  o.e.businessobjects.ManageDraftsBO - Opening drafts
2025-05-12 12:57:02 [main] INFO  o.e.CreateSaveAndDeleteDraftEmailTest - Verifying draft subject
2025-05-12 12:57:03 [main] INFO  o.e.businessobjects.ManageDraftsBO - Deleting draft email
2025-05-12 12:57:03 [main] INFO  org.epam.util.WebDriverSingleton - Closing a page
2025-05-12 12:57:04 [main] INFO  org.epam.util.WebDriverSingleton - Removing driver
2025-05-12 12:57:04 [main] INFO  i.g.bonigarcia.wdm.WebDriverManager - Using msedgedriver 136.0.3240.64 (resolved driver for Edge 136)
2025-05-12 12:57:04 [main] INFO  i.g.bonigarcia.wdm.WebDriverManager - Exporting webdriver.edge.driver as C:\Users\Norma\.cache\selenium\msedgedriver\win64\136.0.3240.64\msedgedriver.exe
2025-05-12 12:57:05 [main] INFO  org.epam.BaseTest - Opening Gmail Login page: https://gmail.com/
2025-05-12 12:57:06 [main] INFO  org.epam.BaseTest - Log in with demonamedemosurnname@gmail.com login and demoPassword password
2025-05-12 12:57:10 [main] INFO  o.epam.businessobjects.MarkEmailBO - Marking email as starred
2025-05-12 12:57:13 [main] INFO  o.epam.businessobjects.MarkEmailBO - Open starred emails
2025-05-12 12:57:15 [main] INFO  org.epam.MarkAsStarredEmailTest - Verifying that email is marked as starred
2025-05-12 12:57:15 [main] INFO  org.epam.businessobjects.BaseBO - Opening first email
2025-05-12 12:57:16 [main] INFO  o.epam.businessobjects.MarkEmailBO - UnMark the email
2025-05-12 12:57:21 [main] INFO  org.epam.util.WebDriverSingleton - Closing a page
2025-05-12 12:57:22 [main] INFO  org.epam.util.WebDriverSingleton - Removing driver
2025-05-12 12:57:22 [main] INFO  i.g.bonigarcia.wdm.WebDriverManager - Using msedgedriver 136.0.3240.64 (resolved driver for Edge 136)
2025-05-12 12:57:22 [main] INFO  i.g.bonigarcia.wdm.WebDriverManager - Exporting webdriver.edge.driver as C:\Users\Norma\.cache\selenium\msedgedriver\win64\136.0.3240.64\msedgedriver.exe
2025-05-12 12:57:22 [main] INFO  org.epam.BaseTest - Opening Gmail Login page: https://gmail.com/
2025-05-12 12:57:24 [main] INFO  org.epam.BaseTest - Log in with demonamedemosurnname@gmail.com login and demoPassword password
2025-05-12 12:57:27 [main] INFO  o.e.businessobjects.ManageRepliesBO - Replying to email and sending the reply
2025-05-12 12:57:33 [main] INFO  o.e.businessobjects.ManageRepliesBO - Opening sent emails
2025-05-12 12:57:39 [main] INFO  org.epam.businessobjects.BaseBO - Opening first email
2025-05-12 12:57:39 [main] INFO  o.e.businessobjects.ManageRepliesBO - Deleting the reply
2025-05-12 12:57:44 [main] INFO  org.epam.ReplyToAndDeleteEmailTest - Verifying that reply is deleted
2025-05-12 12:57:44 [main] INFO  org.epam.util.WebDriverSingleton - Closing a page
2025-05-12 12:57:46 [main] INFO  org.epam.util.WebDriverSingleton - Removing driver
2025-05-12 12:57:46 [main] INFO  i.g.bonigarcia.wdm.WebDriverManager - Using msedgedriver 136.0.3240.64 (resolved driver for Edge 136)
2025-05-12 12:57:46 [main] INFO  i.g.bonigarcia.wdm.WebDriverManager - Exporting webdriver.edge.driver as C:\Users\Norma\.cache\selenium\msedgedriver\win64\136.0.3240.64\msedgedriver.exe
2025-05-12 12:57:46 [main] INFO  org.epam.BaseTest - Opening Gmail Login page: https://gmail.com/
2025-05-12 12:57:47 [main] INFO  org.epam.BaseTest - Log in with demonamedemosurnname@gmail.com login and demoPassword password
2025-05-12 12:57:51 [main] INFO  o.e.businessobjects.ManageRepliesBO - Replying to email and sending the reply
2025-05-12 12:57:57 [main] INFO  o.e.businessobjects.ManageRepliesBO - Opening sent emails
2025-05-12 12:57:58 [main] INFO  org.epam.ReplyToAndDeleteEmailTest - Verifying reply subject
2025-05-12 12:58:03 [main] INFO  org.epam.businessobjects.BaseBO - Opening first email
2025-05-12 12:58:03 [main] INFO  o.e.businessobjects.ManageRepliesBO - Deleting the reply
2025-05-12 12:58:08 [main] INFO  org.epam.util.WebDriverSingleton - Closing a page
2025-05-12 12:58:09 [main] INFO  org.epam.util.WebDriverSingleton - Removing driver
2025-05-12 13:31:05 [main] WARN  org.testng.xml.TestNGContentHandler - It is strongly recommended to add "<!DOCTYPE suite SYSTEM "https://testng.org/testng-1.1.dtd" >" at the top of the suite file [C:\Users\Norma\IdeaProjects\Practice3\src\test\resources\regression-suite.xml] otherwise TestNG may fail or not work as expected.
2025-05-12 13:31:05 [main] INFO  i.g.bonigarcia.wdm.WebDriverManager - Using chromedriver 136.0.7103.92 (resolved driver for Chrome 136)
2025-05-12 13:31:05 [main] INFO  i.g.bonigarcia.wdm.WebDriverManager - Exporting webdriver.chrome.driver as C:\Users\Norma\.cache\selenium\chromedriver\win64\136.0.7103.92\chromedriver.exe
2025-05-12 13:31:05 [main] INFO  i.g.bonigarcia.wdm.WebDriverManager - Using chromedriver 136.0.7103.92 (resolved driver for Chrome 136)
2025-05-12 13:31:05 [main] INFO  i.g.bonigarcia.wdm.WebDriverManager - Exporting webdriver.chrome.driver as C:\Users\Norma\.cache\selenium\chromedriver\win64\136.0.7103.92\chromedriver.exe
2025-05-12 13:31:06 [main] INFO  org.epam.BaseTest - Opening Gmail Login page: https://gmail.com/
2025-05-12 13:31:07 [main] INFO  org.epam.BaseTest - Log in with d13465322@gmail.com login and testPassword password
2025-05-12 13:31:11 [main] INFO  o.e.businessobjects.ManageDraftsBO - Creating draft email and saving
2025-05-12 13:31:15 [main] INFO  o.e.businessobjects.ManageDraftsBO - Opening drafts
2025-05-12 13:31:18 [main] INFO  o.e.businessobjects.ManageDraftsBO - Deleting draft email
2025-05-12 13:31:18 [main] INFO  o.e.CreateSaveAndDeleteDraftEmailTest - Verifying that draft is deleted
2025-05-12 13:31:18 [main] INFO  org.epam.util.WebDriverSingleton - Closing a page
2025-05-12 13:31:18 [main] INFO  org.epam.util.WebDriverSingleton - Removing driver
2025-05-12 13:31:18 [main] INFO  i.g.bonigarcia.wdm.WebDriverManager - Using chromedriver 136.0.7103.92 (resolved driver for Chrome 136)
2025-05-12 13:31:18 [main] INFO  i.g.bonigarcia.wdm.WebDriverManager - Exporting webdriver.chrome.driver as C:\Users\Norma\.cache\selenium\chromedriver\win64\136.0.7103.92\chromedriver.exe
2025-05-12 13:31:19 [main] INFO  org.epam.BaseTest - Opening Gmail Login page: https://gmail.com/
2025-05-12 13:31:20 [main] INFO  org.epam.BaseTest - Log in with d13465322@gmail.com login and testPassword password
2025-05-12 13:31:23 [main] INFO  o.e.businessobjects.ManageDraftsBO - Creating draft email and saving
2025-05-12 13:31:28 [main] INFO  o.e.businessobjects.ManageDraftsBO - Opening drafts
2025-05-12 13:31:29 [main] INFO  o.e.CreateSaveAndDeleteDraftEmailTest - Verifying draft subject
2025-05-12 13:31:29 [main] INFO  o.e.businessobjects.ManageDraftsBO - Deleting draft email
2025-05-12 13:31:29 [main] INFO  org.epam.util.WebDriverSingleton - Closing a page
2025-05-12 13:31:29 [main] INFO  org.epam.util.WebDriverSingleton - Removing driver
2025-05-12 13:31:29 [main] INFO  i.g.bonigarcia.wdm.WebDriverManager - Using chromedriver 136.0.7103.92 (resolved driver for Chrome 136)
2025-05-12 13:31:29 [main] INFO  i.g.bonigarcia.wdm.WebDriverManager - Exporting webdriver.chrome.driver as C:\Users\Norma\.cache\selenium\chromedriver\win64\136.0.7103.92\chromedriver.exe
2025-05-12 13:31:30 [main] INFO  org.epam.BaseTest - Opening Gmail Login page: https://gmail.com/
2025-05-12 13:31:31 [main] INFO  org.epam.BaseTest - Log in with d13465322@gmail.com login and testPassword password
2025-05-12 13:31:36 [main] INFO  o.epam.businessobjects.MarkEmailBO - Marking email as starred
2025-05-12 13:31:39 [main] INFO  o.epam.businessobjects.MarkEmailBO - Open starred emails
2025-05-12 13:31:41 [main] INFO  org.epam.MarkAsStarredEmailTest - Verifying that email is marked as starred
2025-05-12 13:31:41 [main] INFO  org.epam.businessobjects.BaseBO - Opening first email
2025-05-12 13:31:41 [main] INFO  o.epam.businessobjects.MarkEmailBO - UnMark the email
2025-05-12 13:31:46 [main] INFO  org.epam.util.WebDriverSingleton - Closing a page
2025-05-12 13:31:46 [main] INFO  org.epam.util.WebDriverSingleton - Removing driver
2025-05-12 13:31:46 [main] INFO  i.g.bonigarcia.wdm.WebDriverManager - Using chromedriver 136.0.7103.92 (resolved driver for Chrome 136)
2025-05-12 13:31:46 [main] INFO  i.g.bonigarcia.wdm.WebDriverManager - Exporting webdriver.chrome.driver as C:\Users\Norma\.cache\selenium\chromedriver\win64\136.0.7103.92\chromedriver.exe
2025-05-12 13:31:47 [main] INFO  org.epam.BaseTest - Opening Gmail Login page: https://gmail.com/
2025-05-12 13:31:48 [main] INFO  org.epam.BaseTest - Log in with d13465322@gmail.com login and testPassword password
2025-05-12 13:31:51 [main] INFO  o.e.businessobjects.ManageRepliesBO - Replying to email and sending the reply
2025-05-12 13:31:57 [main] INFO  o.e.businessobjects.ManageRepliesBO - Opening sent emails
2025-05-12 13:32:03 [main] INFO  org.epam.businessobjects.BaseBO - Opening first email
2025-05-12 13:32:03 [main] INFO  o.e.businessobjects.ManageRepliesBO - Deleting the reply
2025-05-12 13:32:08 [main] INFO  org.epam.ReplyToAndDeleteEmailTest - Verifying that reply is deleted
2025-05-12 13:32:08 [main] INFO  org.epam.util.WebDriverSingleton - Closing a page
2025-05-12 13:32:08 [main] INFO  org.epam.util.WebDriverSingleton - Removing driver
2025-05-12 13:32:08 [main] INFO  i.g.bonigarcia.wdm.WebDriverManager - Using chromedriver 136.0.7103.92 (resolved driver for Chrome 136)
2025-05-12 13:32:08 [main] INFO  i.g.bonigarcia.wdm.WebDriverManager - Exporting webdriver.chrome.driver as C:\Users\Norma\.cache\selenium\chromedriver\win64\136.0.7103.92\chromedriver.exe
2025-05-12 13:32:09 [main] INFO  org.epam.BaseTest - Opening Gmail Login page: https://gmail.com/
2025-05-12 13:32:10 [main] INFO  org.epam.BaseTest - Log in with d13465322@gmail.com login and testPassword password
2025-05-12 13:32:15 [main] INFO  o.e.businessobjects.ManageRepliesBO - Replying to email and sending the reply
2025-05-12 13:32:21 [main] INFO  o.e.businessobjects.ManageRepliesBO - Opening sent emails
2025-05-12 13:32:22 [main] INFO  org.epam.ReplyToAndDeleteEmailTest - Verifying reply subject
2025-05-12 13:32:27 [main] INFO  org.epam.businessobjects.BaseBO - Opening first email
2025-05-12 13:32:27 [main] INFO  o.e.businessobjects.ManageRepliesBO - Deleting the reply
2025-05-12 13:32:32 [main] INFO  org.epam.util.WebDriverSingleton - Closing a page
2025-05-12 13:32:32 [main] INFO  org.epam.util.WebDriverSingleton - Removing driver
